Time resolution is 1 ps
Stopped at time : 0 fs : File "C:/Users/zayam/OOO-Processor-in-SystemVerilog/SingleCycle/SingleCycle.srcs/sources_1/new/PC.sv" Line 20
Stopped at time : 0 fs : File "C:/Users/zayam/OOO-Processor-in-SystemVerilog/SingleCycle/SingleCycle.srcs/sources_1/new/RegisterFile.sv" Line 26
Stopped at time : 0 fs : File "C:/Users/zayam/OOO-Processor-in-SystemVerilog/SingleCycle/SingleCycle.srcs/sources_1/new/RegisterFile.sv" Line 27
Stopped at time : 2 us : File "C:/Users/zayam/OOO-Processor-in-SystemVerilog/SingleCycle/SingleCycle.srcs/sources_1/new/PC.sv" Line 17
Stopped at time : 2 us : File "C:/Users/zayam/OOO-Processor-in-SystemVerilog/SingleCycle/SingleCycle.srcs/sources_1/new/RegisterFile.sv" Line 32
Stopped at time : 2 us : File "C:/Users/zayam/OOO-Processor-in-SystemVerilog/SingleCycle/SingleCycle.srcs/sources_1/new/PC.sv" Line 20
Stopped at time : 2 us : File "C:/Users/zayam/OOO-Processor-in-SystemVerilog/SingleCycle/SingleCycle.srcs/sources_1/new/RegisterFile.sv" Line 26
Stopped at time : 2 us : File "C:/Users/zayam/OOO-Processor-in-SystemVerilog/SingleCycle/SingleCycle.srcs/sources_1/new/RegisterFile.sv" Line 27
Stopped at time : 6 us : File "C:/Users/zayam/OOO-Processor-in-SystemVerilog/SingleCycle/SingleCycle.srcs/sources_1/new/PC.sv" Line 17
Stopped at time : 6 us : File "C:/Users/zayam/OOO-Processor-in-SystemVerilog/SingleCycle/SingleCycle.srcs/sources_1/new/RegisterFile.sv" Line 32
Stopped at time : 6 us : File "C:/Users/zayam/OOO-Processor-in-SystemVerilog/SingleCycle/SingleCycle.srcs/sources_1/new/PC.sv" Line 20
Stopped at time : 6 us : File "C:/Users/zayam/OOO-Processor-in-SystemVerilog/SingleCycle/SingleCycle.srcs/sources_1/new/RegisterFile.sv" Line 26
Stopped at time : 6 us : File "C:/Users/zayam/OOO-Processor-in-SystemVerilog/SingleCycle/SingleCycle.srcs/sources_1/new/RegisterFile.sv" Line 27
Stopped at time : 10 us : File "C:/Users/zayam/OOO-Processor-in-SystemVerilog/SingleCycle/SingleCycle.srcs/sources_1/new/PC.sv" Line 17
Stopped at time : 10 us : File "C:/Users/zayam/OOO-Processor-in-SystemVerilog/SingleCycle/SingleCycle.srcs/sources_1/new/RegisterFile.sv" Line 32
Stopped at time : 10 us : File "C:/Users/zayam/OOO-Processor-in-SystemVerilog/SingleCycle/SingleCycle.srcs/sources_1/new/PC.sv" Line 20
Stopped at time : 10 us : File "C:/Users/zayam/OOO-Processor-in-SystemVerilog/SingleCycle/SingleCycle.srcs/sources_1/new/RegisterFile.sv" Line 26
Stopped at time : 10 us : File "C:/Users/zayam/OOO-Processor-in-SystemVerilog/SingleCycle/SingleCycle.srcs/sources_1/new/RegisterFile.sv" Line 27
Stopped at time : 14 us : File "C:/Users/zayam/OOO-Processor-in-SystemVerilog/SingleCycle/SingleCycle.srcs/sources_1/new/PC.sv" Line 17
Stopped at time : 14 us : File "C:/Users/zayam/OOO-Processor-in-SystemVerilog/SingleCycle/SingleCycle.srcs/sources_1/new/RegisterFile.sv" Line 32
Stopped at time : 14 us : File "C:/Users/zayam/OOO-Processor-in-SystemVerilog/SingleCycle/SingleCycle.srcs/sources_1/new/PC.sv" Line 20
Stopped at time : 14 us : File "C:/Users/zayam/OOO-Processor-in-SystemVerilog/SingleCycle/SingleCycle.srcs/sources_1/new/RegisterFile.sv" Line 26
Stopped at time : 14 us : File "C:/Users/zayam/OOO-Processor-in-SystemVerilog/SingleCycle/SingleCycle.srcs/sources_1/new/RegisterFile.sv" Line 27
Stopped at time : 18 us : File "C:/Users/zayam/OOO-Processor-in-SystemVerilog/SingleCycle/SingleCycle.srcs/sources_1/new/PC.sv" Line 17
Stopped at time : 18 us : File "C:/Users/zayam/OOO-Processor-in-SystemVerilog/SingleCycle/SingleCycle.srcs/sources_1/new/RegisterFile.sv" Line 32
Stopped at time : 18 us : File "C:/Users/zayam/OOO-Processor-in-SystemVerilog/SingleCycle/SingleCycle.srcs/sources_1/new/PC.sv" Line 20
Stopped at time : 18 us : File "C:/Users/zayam/OOO-Processor-in-SystemVerilog/SingleCycle/SingleCycle.srcs/sources_1/new/RegisterFile.sv" Line 26
Stopped at time : 18 us : File "C:/Users/zayam/OOO-Processor-in-SystemVerilog/SingleCycle/SingleCycle.srcs/sources_1/new/RegisterFile.sv" Line 27
Stopped at time : 22 us : File "C:/Users/zayam/OOO-Processor-in-SystemVerilog/SingleCycle/SingleCycle.srcs/sources_1/new/PC.sv" Line 17
Stopped at time : 22 us : File "C:/Users/zayam/OOO-Processor-in-SystemVerilog/SingleCycle/SingleCycle.srcs/sources_1/new/RegisterFile.sv" Line 32
Stopped at time : 22 us : File "C:/Users/zayam/OOO-Processor-in-SystemVerilog/SingleCycle/SingleCycle.srcs/sources_1/new/PC.sv" Line 20
Stopped at time : 22 us : File "C:/Users/zayam/OOO-Processor-in-SystemVerilog/SingleCycle/SingleCycle.srcs/sources_1/new/RegisterFile.sv" Line 26
Stopped at time : 22 us : File "C:/Users/zayam/OOO-Processor-in-SystemVerilog/SingleCycle/SingleCycle.srcs/sources_1/new/RegisterFile.sv" Line 27
Stopped at time : 26 us : File "C:/Users/zayam/OOO-Processor-in-SystemVerilog/SingleCycle/SingleCycle.srcs/sources_1/new/PC.sv" Line 17
Stopped at time : 26 us : File "C:/Users/zayam/OOO-Processor-in-SystemVerilog/SingleCycle/SingleCycle.srcs/sources_1/new/RegisterFile.sv" Line 32
Stopped at time : 26 us : File "C:/Users/zayam/OOO-Processor-in-SystemVerilog/SingleCycle/SingleCycle.srcs/sources_1/new/PC.sv" Line 20
Stopped at time : 26 us : File "C:/Users/zayam/OOO-Processor-in-SystemVerilog/SingleCycle/SingleCycle.srcs/sources_1/new/RegisterFile.sv" Line 26
Stopped at time : 26 us : File "C:/Users/zayam/OOO-Processor-in-SystemVerilog/SingleCycle/SingleCycle.srcs/sources_1/new/RegisterFile.sv" Line 27
Stopped at time : 30 us : File "C:/Users/zayam/OOO-Processor-in-SystemVerilog/SingleCycle/SingleCycle.srcs/sources_1/new/PC.sv" Line 17
Stopped at time : 30 us : File "C:/Users/zayam/OOO-Processor-in-SystemVerilog/SingleCycle/SingleCycle.srcs/sources_1/new/RegisterFile.sv" Line 32
Stopped at time : 30 us : File "C:/Users/zayam/OOO-Processor-in-SystemVerilog/SingleCycle/SingleCycle.srcs/sources_1/new/PC.sv" Line 20
Stopped at time : 30 us : File "C:/Users/zayam/OOO-Processor-in-SystemVerilog/SingleCycle/SingleCycle.srcs/sources_1/new/RegisterFile.sv" Line 26
Stopped at time : 30 us : File "C:/Users/zayam/OOO-Processor-in-SystemVerilog/SingleCycle/SingleCycle.srcs/sources_1/new/RegisterFile.sv" Line 27
Stopped at time : 34 us : File "C:/Users/zayam/OOO-Processor-in-SystemVerilog/SingleCycle/SingleCycle.srcs/sources_1/new/PC.sv" Line 17
Stopped at time : 34 us : File "C:/Users/zayam/OOO-Processor-in-SystemVerilog/SingleCycle/SingleCycle.srcs/sources_1/new/RegisterFile.sv" Line 32
Stopped at time : 34 us : File "C:/Users/zayam/OOO-Processor-in-SystemVerilog/SingleCycle/SingleCycle.srcs/sources_1/new/PC.sv" Line 20
Stopped at time : 34 us : File "C:/Users/zayam/OOO-Processor-in-SystemVerilog/SingleCycle/SingleCycle.srcs/sources_1/new/RegisterFile.sv" Line 26
Stopped at time : 34 us : File "C:/Users/zayam/OOO-Processor-in-SystemVerilog/SingleCycle/SingleCycle.srcs/sources_1/new/RegisterFile.sv" Line 27
Stopped at time : 38 us : File "C:/Users/zayam/OOO-Processor-in-SystemVerilog/SingleCycle/SingleCycle.srcs/sources_1/new/PC.sv" Line 17
Stopped at time : 38 us : File "C:/Users/zayam/OOO-Processor-in-SystemVerilog/SingleCycle/SingleCycle.srcs/sources_1/new/RegisterFile.sv" Line 32
Stopped at time : 38 us : File "C:/Users/zayam/OOO-Processor-in-SystemVerilog/SingleCycle/SingleCycle.srcs/sources_1/new/PC.sv" Line 20
