Copyright 1986-2022 Xilinx, Inc. All Rights Reserved.
------------------------------------------------------------------------------------
| Tool Version : Vivado v.2022.2 (win64) Build 3671981 Fri Oct 14 05:00:03 MDT 2022
| Date         : Fri Dec 22 22:10:21 2023
| Host         : DESKTOP-C15GLBI running 64-bit major release  (build 9200)
| Command      : report_control_sets -verbose -file top_io_control_sets_placed.rpt
| Design       : top_io
| Device       : xc7a35t
------------------------------------------------------------------------------------

Control Set Information

Table of Contents
-----------------
1. Summary
2. Histogram
3. Flip-Flop Distribution
4. Detailed Control Set Information

1. Summary
----------

+----------------------------------------------------------+-------+
|                          Status                          | Count |
+----------------------------------------------------------+-------+
| Total control sets                                       |    16 |
|    Minimum number of control sets                        |    16 |
|    Addition due to synthesis replication                 |     0 |
|    Addition due to physical synthesis replication        |     0 |
| Unused register locations in slices containing registers |    77 |
+----------------------------------------------------------+-------+
* Control sets can be merged at opt_design using control_set_merge or merge_equivalent_drivers
** Run report_qor_suggestions for automated merging and remapping suggestions


2. Histogram
------------

+--------------------+-------+
|       Fanout       | Count |
+--------------------+-------+
| Total control sets |    16 |
| >= 0 to < 4        |     7 |
| >= 4 to < 6        |     2 |
| >= 6 to < 8        |     1 |
| >= 8 to < 10       |     2 |
| >= 10 to < 12      |     2 |
| >= 12 to < 14      |     1 |
| >= 14 to < 16      |     0 |
| >= 16              |     1 |
+--------------------+-------+
* Control sets can be remapped at either synth_design or opt_design


3. Flip-Flop Distribution
-------------------------

+--------------+-----------------------+------------------------+-----------------+--------------+
| Clock Enable | Synchronous Set/Reset | Asynchronous Set/Reset | Total Registers | Total Slices |
+--------------+-----------------------+------------------------+-----------------+--------------+
| No           | No                    | No                     |              22 |           10 |
| No           | No                    | Yes                    |               0 |            0 |
| No           | Yes                   | No                     |              22 |            7 |
| Yes          | No                    | No                     |              28 |           10 |
| Yes          | No                    | Yes                    |               0 |            0 |
| Yes          | Yes                   | No                     |              19 |            6 |
+--------------+-----------------------+------------------------+-----------------+--------------+


4. Detailed Control Set Information
-----------------------------------

+----------------------------+----------------------------------------+----------------------------------+------------------+----------------+--------------+
|        Clock Signal        |              Enable Signal             |         Set/Reset Signal         | Slice Load Count | Bel Load Count | Bels / Slice |
+----------------------------+----------------------------------------+----------------------------------+------------------+----------------+--------------+
|  vga/dmod480/sy_reg[9]_0   |                                        |                                  |                1 |              1 |         1.00 |
|  CLK50MHZ_BUFG             | kboard/uut/db_clk/O_i_1_n_0            |                                  |                1 |              1 |         1.00 |
|  CLK50MHZ_BUFG             | kboard/uut/db_clk/clear                |                                  |                1 |              1 |         1.00 |
|  CLK50MHZ_BUFG             | kboard/uut/db_data/O_i_1__0_n_0        |                                  |                1 |              1 |         1.00 |
|  CLK50MHZ_BUFG             | kboard/uut/db_data/Iv_i_1__0_n_0       |                                  |                1 |              1 |         1.00 |
|  sy_reg[9]_i_3_n_0         |                                        |                                  |                2 |              2 |         1.00 |
|  clk_IBUF_BUFG             |                                        |                                  |                1 |              3 |         3.00 |
| ~kboard/uut/db_clk/O_reg_0 | kboard/uut/cnt                         | kboard/uut/cnt[3]_i_1_n_0        |                1 |              4 |         4.00 |
|  CLK50MHZ_BUFG             | kboard/uut/db_data/count[4]_i_1__0_n_0 | kboard/uut/db_data/Iv_i_1__0_n_0 |                1 |              5 |         5.00 |
|  CLK50MHZ_BUFG             |                                        |                                  |                3 |              7 |         2.33 |
|  clk_IBUF_BUFG             | kboard/uut/E[0]                        |                                  |                2 |              8 |         4.00 |
| ~kboard/uut/db_clk/O_reg_0 |                                        |                                  |                3 |              9 |         3.00 |
|  sy_reg[9]_i_3_n_0         |                                        | vga/dmod480/sx_reg[8]_0          |                3 |             10 |         3.33 |
|  sy_reg[9]_i_3_n_0         | vga/dmod480/sy                         | reset_IBUF                       |                4 |             10 |         2.50 |
|  sy_reg[9]_i_3_n_0         |                                        | vga/VGA_Red[3]_i_1_n_0           |                4 |             12 |         3.00 |
|  CLK50MHZ_BUFG             | kboard/uut/oflag_i_1_n_0               |                                  |                4 |             16 |         4.00 |
+----------------------------+----------------------------------------+----------------------------------+------------------+----------------+--------------+


